2015-09-26 07:10:41 Error: [MissingControllerException] Controller class FavoritesController could not be found.
Exception Attributes: array (
  'class' => 'FavoritesController',
  'plugin' => NULL,
)
Request URL: /planbox-plan/favorites/ready/
Stack Trace:
#0 /Applications/MAMP/htdocs/planbox-plan/app/webroot/index.php(118): Dispatcher->dispatch(Object(CakeRequest), Object(CakeResponse))
#1 {main}
2015-09-26 07:10:51 Error: [MissingActionException] Action UsersController::index() could not be found.
Exception Attributes: array (
  'controller' => 'UsersController',
  'action' => 'index',
)
Request URL: /planbox-plan/users/
Stack Trace:
#0 /Applications/MAMP/htdocs/planbox-plan/lib/Cake/Routing/Dispatcher.php(193): Controller->invokeAction(Object(CakeRequest))
#1 /Applications/MAMP/htdocs/planbox-plan/lib/Cake/Routing/Dispatcher.php(167): Dispatcher->_invoke(Object(UsersController), Object(CakeRequest))
#2 /Applications/MAMP/htdocs/planbox-plan/app/webroot/index.php(118): Dispatcher->dispatch(Object(CakeRequest), Object(CakeResponse))
#3 {main}
